<?xml version="1.0" encoding="UTF-8"?>
<!-- Generated by org.testng.reporters.JUnitXMLReporter -->
<testsuite hostname="MyComputer" ignored="1" name="Test" tests="3" failures="1" timestamp="12 Mar 2020 02:29:36 GMT" time="40.63" errors="0">
  <testcase name="checkAlert" time="2.287" classname="com.practiceteam.testcase.AlterTest"/>
  <testcase name="callwindowspage" time="18.581" classname="com.practiceteam.testcase.AlterTest"/>
  <testcase name="callto_windowspage" time="1.04" classname="com.practiceteam.testcase.WindowTest">
    <failure type="java.lang.NullPointerException">
      <![CDATA[java.lang.NullPointerException
at org.openqa.selenium.support.pagefactory.DefaultElementLocator.findElement(DefaultElementLocator.java:69)
at org.openqa.selenium.support.pagefactory.internal.LocatingElementHandler.invoke(LocatingElementHandler.java:38)
at com.sun.proxy.$Proxy8.click(Unknown Source)
at com.practiceteam.pages.WindowsPage.windowtype2click(WindowsPage.java:38)
at com.practiceteam.testcase.WindowTest.callto_windowspage(WindowTest.java:23)
... Removed 25 stack frames]]>
    </failure>
  </testcase> <!-- callto_windowspage -->
  <testcase name="@BeforeTest init" time="0.0" classname="com.practiceteam.base.TestBase">
    <ignored/>
  </testcase> <!-- @BeforeTest init -->
</testsuite> <!-- Test -->
